<?xml version="1.0" encoding="UTF-8"?>
<testng-results ignored="0" total="1" passed="1" failed="0" skipped="0">
  <reporter-output>
  </reporter-output>
  <suite started-at="2022-01-16T13:35:53 IST" name="Default suite" finished-at="2022-01-16T13:37:21 IST" duration-ms="87658">
    <groups>
    </groups>
    <test started-at="2022-01-16T13:35:53 IST" name="Default test" finished-at="2022-01-16T13:37:21 IST" duration-ms="87658">
      <class name="watch.SignupPageTest">
        <test-method is-config="true" signature="start()[pri:0, instance:watch.SignupPageTest@6a4f1a55]" started-at="2022-01-16T13:35:53 IST" name="start" finished-at="2022-01-16T13:37:15 IST" duration-ms="81902" status="PASS">
          <reporter-output>
          </reporter-output>
        </test-method> <!-- start -->
        <test-method is-config="true" signature="startTest()[pri:0, instance:watch.SignupPageTest@6a4f1a55]" started-at="2022-01-16T13:37:15 IST" name="startTest" finished-at="2022-01-16T13:37:18 IST" duration-ms="3516" status="PASS">
          <reporter-output>
          </reporter-output>
        </test-method> <!-- startTest -->
        <test-method signature="EnterName()[pri:1, instance:watch.SignupPageTest@6a4f1a55]" started-at="2022-01-16T13:37:18 IST" name="EnterName" finished-at="2022-01-16T13:37:19 IST" duration-ms="265" status="PASS">
          <reporter-output>
          </reporter-output>
        </test-method> <!-- EnterName -->
        <test-method is-config="true" signature="endTest()[pri:0, instance:watch.SignupPageTest@6a4f1a55]" started-at="2022-01-16T13:37:19 IST" name="endTest" finished-at="2022-01-16T13:37:21 IST" duration-ms="1797" status="PASS">
          <reporter-output>
          </reporter-output>
        </test-method> <!-- endTest -->
      </class> <!-- watch.SignupPageTest -->
    </test> <!-- Default test -->
  </suite> <!-- Default suite -->
</testng-results>
